<?xml version="1.0" encoding="UTF-8"?>
<testsuite xmlns:xsi="http://www.w3.org/2001/XMLSchema-instance" xsi:noNamespaceSchemaLocation="https://maven.apache.org/surefire/maven-surefire-plugin/xsd/surefire-test-report-3.0.xsd" version="3.0" name="com.project.testrunner.DataDrivenTest" time="7.919" tests="8" errors="0" skipped="0" failures="0">
  <properties>
[...]
</properties>
  <testcase name="genericApiTestRunner(TestCase)[1]" classname="com.project.testrunner.DataDrivenTest" time="0.444">
    <system-out><![CDATA[Filtering test cases with tag: Regression
]]></system-out>
  </testcase>
  <testcase name="genericApiTestRunner(TestCase)[2]" classname="com.project.testrunner.DataDrivenTest" time="0.38"/>
  <testcase name="genericApiTestRunner(TestCase)[3]" classname="com.project.testrunner.DataDrivenTest" time="0.372"/>
  <testcase name="genericApiTestRunner(TestCase)[4]" classname="com.project.testrunner.DataDrivenTest" time="1.176"/>
  <testcase name="genericApiTestRunner(TestCase)[5]" classname="com.project.testrunner.DataDrivenTest" time="1.229"/>
  <testcase name="genericApiTestRunner(TestCase)[6]" classname="com.project.testrunner.DataDrivenTest" time="1.912"/>
  <testcase name="genericApiTestRunner(TestCase)[7]" classname="com.project.testrunner.DataDrivenTest" time="0.567"/>
  <testcase name="genericApiTestRunner(TestCase)[8]" classname="com.project.testrunner.DataDrivenTest" time="0.372"/>
</testsuite>